<?xml version="1.0" encoding="UTF-8"?>
<coverage generated="1709310549841" clover="3.2.0">
  <project timestamp="1709310549841" name="All files">
    <metrics statements="29" coveredstatements="24" conditionals="4" coveredconditionals="2" methods="12" coveredmethods="7" elements="45" coveredelements="33" complexity="0" loc="29" ncloc="29" packages="2" files="8" classes="8"/>
    <package name="components">
      <metrics statements="11" coveredstatements="11" conditionals="4" coveredconditionals="2" methods="5" coveredmethods="5"/>
      <file name="Contact.js" path="C:\Users\bhanwar lal\Desktop\Namaste-React\Ep-013 Time for the Test\src\components\Contact.js">
        <metrics statements="2" coveredstatements="2" conditionals="0" coveredconditionals="0" methods="1" coveredmethods="1"/>
        <line num="1" count="1" type="stmt"/>
        <line num="2" count="4" type="stmt"/>
      </file>
      <file name="Header.js" path="C:\Users\bhanwar lal\Desktop\Namaste-React\Ep-013 Time for the Test\src\components\Header.js">
        <metrics statements="7" coveredstatements="7" conditionals="4" coveredconditionals="2" methods="3" coveredmethods="3"/>
        <line num="10" count="1" type="stmt"/>
        <line num="12" count="4" type="stmt"/>
        <line num="14" count="4" type="stmt"/>
        <line num="16" count="4" type="stmt"/>
        <line num="19" count="7" type="stmt"/>
        <line num="21" count="4" type="stmt"/>
        <line num="51" count="1" type="cond" truecount="1" falsecount="1"/>
      </file>
      <file name="sum.js" path="C:\Users\bhanwar lal\Desktop\Namaste-React\Ep-013 Time for the Test\src\components\sum.js">
        <metrics statements="2" coveredstatements="2" conditionals="0" coveredconditionals="0" methods="1" coveredmethods="1"/>
        <line num="1" count="1" type="stmt"/>
        <line num="2" count="1" type="stmt"/>
      </file>
    </package>
    <package name="utils">
      <metrics statements="18" coveredstatements="13" conditionals="0" coveredconditionals="0" methods="7" coveredmethods="2"/>
      <file name="UserContext.js" path="C:\Users\bhanwar lal\Desktop\Namaste-React\Ep-013 Time for the Test\src\utils\UserContext.js">
        <metrics statements="1" coveredstatements="1" conditionals="0" coveredconditionals="0" methods="0" coveredmethods="0"/>
        <line num="3" count="1" type="stmt"/>
      </file>
      <file name="appStore.js" path="C:\Users\bhanwar lal\Desktop\Namaste-React\Ep-013 Time for the Test\src\utils\appStore.js">
        <metrics statements="1" coveredstatements="1" conditionals="0" coveredconditionals="0" methods="0" coveredmethods="0"/>
        <line num="4" count="1" type="stmt"/>
      </file>
      <file name="cartSlice.js" path="C:\Users\bhanwar lal\Desktop\Namaste-React\Ep-013 Time for the Test\src\utils\cartSlice.js">
        <metrics statements="5" coveredstatements="2" conditionals="0" coveredconditionals="0" methods="3" coveredmethods="0"/>
        <line num="4" count="1" type="stmt"/>
        <line num="11" count="0" type="stmt"/>
        <line num="14" count="0" type="stmt"/>
        <line num="17" count="0" type="stmt"/>
        <line num="22" count="1" type="stmt"/>
      </file>
      <file name="constants.js" path="C:\Users\bhanwar lal\Desktop\Namaste-React\Ep-013 Time for the Test\src\utils\constants.js">
        <metrics statements="3" coveredstatements="3" conditionals="0" coveredconditionals="0" methods="0" coveredmethods="0"/>
        <line num="1" count="1" type="stmt"/>
        <line num="2" count="1" type="stmt"/>
        <line num="3" count="1" type="stmt"/>
      </file>
      <file name="useOnlineStatus.js" path="C:\Users\bhanwar lal\Desktop\Namaste-React\Ep-013 Time for the Test\src\utils\useOnlineStatus.js">
        <metrics statements="8" coveredstatements="6" conditionals="0" coveredconditionals="0" methods="4" coveredmethods="2"/>
        <line num="3" count="1" type="stmt"/>
        <line num="6" count="4" type="stmt"/>
        <line num="8" count="4" type="stmt"/>
        <line num="9" count="3" type="stmt"/>
        <line num="10" count="0" type="stmt"/>
        <line num="13" count="3" type="stmt"/>
        <line num="14" count="0" type="stmt"/>
        <line num="20" count="4" type="stmt"/>
      </file>
    </package>
  </project>
</coverage>
